c:\users\dell\downloads\simplegame (1)\simplegame\x64\debug\simplegame.pch
c:\users\dell\downloads\simplegame (1)\simplegame\x64\debug\vc141.pdb
c:\users\dell\downloads\simplegame (1)\simplegame\x64\debug\vc141.idb
c:\users\dell\downloads\simplegame (1)\simplegame\x64\debug\stdafx.obj
c:\users\dell\downloads\simplegame (1)\simplegame\x64\debug\renderer.obj
c:\users\dell\downloads\simplegame (1)\simplegame\x64\debug\simplegame.obj
c:\users\dell\desktop\3-2\게임 소프트웨어 공학\project\gse_shinsangwoo_1_2013180018\simplegame\simplegame\x64\debug\simplegame.pch
c:\users\dell\desktop\3-2\게임 소프트웨어 공학\project\gse_shinsangwoo_1_2013180018\simplegame\simplegame\x64\debug\vc141.pdb
c:\users\dell\desktop\3-2\게임 소프트웨어 공학\project\gse_shinsangwoo_1_2013180018\simplegame\simplegame\x64\debug\vc141.idb
c:\users\dell\desktop\3-2\게임 소프트웨어 공학\project\gse_shinsangwoo_1_2013180018\simplegame\simplegame\x64\debug\stdafx.obj
c:\users\dell\desktop\3-2\게임 소프트웨어 공학\project\gse_shinsangwoo_1_2013180018\simplegame\simplegame\x64\debug\renderer.obj
c:\users\dell\desktop\3-2\게임 소프트웨어 공학\project\gse_shinsangwoo_1_2013180018\simplegame\simplegame\x64\debug\simplegame.obj
c:\users\dell\desktop\3-2\게임 소프트웨어 공학\project\gse_shinsangwoo_1_2013180018\simplegame\simplegame\x64\debug\object.obj
c:\users\dell\desktop\3-2\게임 소프트웨어 공학\project\gse_shinsangwoo_1_2013180018\simplegame\simplegame\x64\debug\gameobject.obj
c:\users\dell\desktop\3-2\게임 소프트웨어 공학\project\gse_shinsangwoo_1_2013180018\simplegame\simplegame\x64\debug\scenemgr.obj
c:\users\dell\downloads\simplegame (1)\x64\debug\simplegame.ilk
c:\users\dell\downloads\simplegame (1)\x64\debug\simplegame.exe
c:\users\dell\downloads\simplegame (1)\x64\debug\simplegame.pdb
c:\users\dell\desktop\3-2\게임 소프트웨어 공학\project\gse_shinsangwoo_1_2013180018\simplegame\x64\debug\simplegame.pdb
c:\users\dell\desktop\3-2\게임 소프트웨어 공학\project\gse_shinsangwoo_1_2013180018\simplegame\simplegame\x64\debug\simplegame.tlog\cl.command.1.tlog
c:\users\dell\desktop\3-2\게임 소프트웨어 공학\project\gse_shinsangwoo_1_2013180018\simplegame\simplegame\x64\debug\simplegame.tlog\cl.read.1.tlog
c:\users\dell\desktop\3-2\게임 소프트웨어 공학\project\gse_shinsangwoo_1_2013180018\simplegame\simplegame\x64\debug\simplegame.tlog\cl.write.1.tlog
c:\users\dell\desktop\3-2\게임 소프트웨어 공학\project\gse_shinsangwoo_1_2013180018\simplegame\simplegame\x64\debug\simplegame.tlog\link-cvtres.read.1.tlog
c:\users\dell\desktop\3-2\게임 소프트웨어 공학\project\gse_shinsangwoo_1_2013180018\simplegame\simplegame\x64\debug\simplegame.tlog\link-cvtres.write.1.tlog
c:\users\dell\desktop\3-2\게임 소프트웨어 공학\project\gse_shinsangwoo_1_2013180018\simplegame\simplegame\x64\debug\simplegame.tlog\link-rc.read.1.tlog
c:\users\dell\desktop\3-2\게임 소프트웨어 공학\project\gse_shinsangwoo_1_2013180018\simplegame\simplegame\x64\debug\simplegame.tlog\link-rc.write.1.tlog
c:\users\dell\desktop\3-2\게임 소프트웨어 공학\project\gse_shinsangwoo_1_2013180018\simplegame\simplegame\x64\debug\simplegame.tlog\link.13664-cvtres.read.1.tlog
c:\users\dell\desktop\3-2\게임 소프트웨어 공학\project\gse_shinsangwoo_1_2013180018\simplegame\simplegame\x64\debug\simplegame.tlog\link.13664-cvtres.write.1.tlog
c:\users\dell\desktop\3-2\게임 소프트웨어 공학\project\gse_shinsangwoo_1_2013180018\simplegame\simplegame\x64\debug\simplegame.tlog\link.13664-rc.read.1.tlog
c:\users\dell\desktop\3-2\게임 소프트웨어 공학\project\gse_shinsangwoo_1_2013180018\simplegame\simplegame\x64\debug\simplegame.tlog\link.13664-rc.write.1.tlog
c:\users\dell\desktop\3-2\게임 소프트웨어 공학\project\gse_shinsangwoo_1_2013180018\simplegame\simplegame\x64\debug\simplegame.tlog\link.13664.read.1.tlog
c:\users\dell\desktop\3-2\게임 소프트웨어 공학\project\gse_shinsangwoo_1_2013180018\simplegame\simplegame\x64\debug\simplegame.tlog\link.13664.write.1.tlog
c:\users\dell\desktop\3-2\게임 소프트웨어 공학\project\gse_shinsangwoo_1_2013180018\simplegame\simplegame\x64\debug\simplegame.tlog\link.command.1.tlog
c:\users\dell\desktop\3-2\게임 소프트웨어 공학\project\gse_shinsangwoo_1_2013180018\simplegame\simplegame\x64\debug\simplegame.tlog\link.read.1.tlog
c:\users\dell\desktop\3-2\게임 소프트웨어 공학\project\gse_shinsangwoo_1_2013180018\simplegame\simplegame\x64\debug\simplegame.tlog\link.write.1.tlog
